[debug] [2025-11-03T11:31:42.700Z] ----------------------------------------------------------------------
[debug] [2025-11-03T11:31:42.706Z] Command:       C:\Program Files\nodejs\node.exe C:\Users\Aman Singh\AppData\Roaming\npm\node_modules\firebase-tools\lib\bin\firebase.js init
[debug] [2025-11-03T11:31:42.707Z] CLI Version:   14.23.0
[debug] [2025-11-03T11:31:42.707Z] Platform:      win32
[debug] [2025-11-03T11:31:42.707Z] Node Version:  v22.17.0
[debug] [2025-11-03T11:31:42.708Z] Time:          Mon Nov 03 2025 17:01:42 GMT+0530 (India Standard Time)
[debug] [2025-11-03T11:31:42.708Z] ----------------------------------------------------------------------
[debug] 
[info] 
     ######## #### ########  ######## ########     ###     ######  ########
     ##        ##  ##     ## ##       ##     ##  ##   ##  ##       ##
     ######    ##  ########  ######   ########  #########  ######  ######
     ##        ##  ##    ##  ##       ##     ## ##     ##       ## ##
     ##       #### ##     ## ######## ########  ##     ##  ######  ########

You're about to initialize a Firebase project in this directory:

  C:\Users\Aman Singh\hackex

[debug] [2025-11-03T11:32:46.974Z] ExitPromptError: User force closed the prompt with SIGINT
    at Interface.sigint (C:\Users\Aman Singh\AppData\Roaming\npm\node_modules\firebase-tools\node_modules\@inquirer\core\dist\commonjs\lib\create-prompt.js:101:37)
    at Interface.emit (node:events:518:28)
    at Interface.emit (node:domain:489:12)
    at [_ttyWrite] [as _ttyWrite] (node:internal/readline/interface:1132:18)
    at ReadStream.onkeypress (node:internal/readline/interface:271:20)
    at ReadStream.emit (node:events:530:35)
    at ReadStream.emit (node:domain:489:12)
    at emitKeys (node:internal/readline/utils:370:14)
    at emitKeys.next (<anonymous>)
    at ReadStream.onData (node:internal/readline/emitKeypressEvents:64:36)
[error] 
[error] Error: An unexpected error has occurred.
